SF:lib/src/data/models/create_session_request.dart
DA:11,2
DA:13,1
DA:14,1
DA:18,1
DA:21,2
DA:22,2
DA:24,2
DA:25,6
LF:8
LH:8
end_of_record
SF:lib/src/data/models/create_session_request.g.dart
DA:9,1
DA:11,1
DA:12,1
DA:13,1
DA:16,2
DA:18,6
LF:6
LH:6
end_of_record
SF:lib/src/data/models/greetd_request.dart
DA:8,5
DA:12,6
DA:13,12
DA:14,6
DA:15,6
DA:16,12
DA:17,18
DA:19,18
DA:20,12
LF:9
LH:9
end_of_record
SF:lib/src/data/models/cancel_session_request.dart
DA:11,2
DA:13,1
DA:14,1
DA:17,1
DA:20,1
DA:21,1
DA:23,1
DA:24,2
LF:8
LH:8
end_of_record
SF:lib/src/data/models/cancel_session_request.g.dart
DA:9,1
DA:11,2
DA:13,1
DA:15,2
LF:4
LH:4
end_of_record
SF:lib/src/data/models/post_auth_message_response.dart
DA:11,2
DA:16,1
DA:17,1
DA:21,1
DA:24,1
DA:25,1
DA:27,2
DA:28,6
LF:8
LH:8
end_of_record
SF:lib/src/data/models/post_auth_message_response.g.dart
DA:9,1
DA:11,1
DA:12,1
DA:13,1
DA:16,1
DA:18,3
LF:6
LH:6
end_of_record
SF:lib/src/data/models/greetd_response.dart
DA:12,5
DA:14,2
DA:15,2
DA:16,2
DA:19,2
DA:20,2
DA:21,2
DA:22,2
DA:23,1
DA:24,1
DA:32,2
DA:33,4
DA:36,4
DA:37,6
DA:40,2
DA:41,1
DA:42,1
DA:43,1
DA:48,0
LF:19
LH:18
end_of_record
SF:lib/src/data/repositories/greetd_repository.dart
DA:14,1
DA:24,3
DA:25,2
DA:27,1
DA:28,0
DA:30,1
DA:31,1
DA:32,1
DA:37,1
DA:38,2
DA:40,1
DA:42,1
DA:45,1
DA:46,3
DA:47,1
DA:48,1
DA:49,2
DA:51,2
DA:52,1
DA:54,1
DA:55,1
DA:56,1
DA:60,0
DA:61,0
DA:62,0
DA:64,0
DA:66,0
DA:67,0
DA:72,1
DA:73,3
DA:74,2
DA:75,1
DA:79,1
DA:81,3
DA:85,2
DA:87,2
DA:88,3
DA:89,4
DA:93,1
DA:94,2
DA:95,2
DA:97,1
DA:98,2
DA:99,4
DA:105,1
DA:106,1
DA:107,0
DA:110,1
DA:112,2
DA:114,2
DA:115,0
DA:119,0
DA:120,0
DA:121,0
DA:124,0
DA:125,0
DA:128,1
DA:129,1
DA:130,2
DA:131,2
DA:132,2
DA:134,2
DA:135,2
LF:63
LH:49
end_of_record
SF:lib/src/domain/greetd/greetd_event.dart
DA:4,3
DA:5,1
DA:6,1
DA:10,0
DA:21,1
DA:22,5
DA:26,1
DA:29,1
DA:30,3
DA:34,1
DA:36,1
DA:37,2
DA:41,1
DA:43,1
DA:44,2
DA:48,1
DA:51,1
DA:52,3
DA:56,0
DA:61,2
DA:66,1
DA:68,1
DA:69,2
DA:74,1
DA:76,1
DA:77,2
LF:26
LH:24
end_of_record
SF:lib/src/domain/greetd/greetd_bloc.dart
DA:31,3
DA:32,2
DA:33,2
DA:34,2
DA:35,2
DA:36,2
DA:37,2
DA:38,2
DA:39,2
DA:40,2
DA:42,4
DA:43,3
DA:44,4
DA:47,1
DA:48,1
DA:59,1
DA:64,1
DA:65,2
DA:69,2
DA:72,2
DA:73,1
DA:74,2
DA:79,1
DA:81,1
DA:82,2
DA:88,1
DA:89,1
DA:91,1
DA:92,2
DA:94,1
DA:129,1
DA:133,2
DA:136,3
DA:139,1
DA:140,2
DA:141,2
DA:142,4
DA:145,1
DA:149,2
DA:152,3
DA:155,1
DA:156,2
DA:157,3
DA:160,1
DA:164,2
DA:167,3
DA:171,1
DA:172,1
DA:173,2
DA:175,1
DA:179,4
DA:180,1
DA:181,4
DA:185,1
DA:189,2
DA:192,3
DA:196,1
DA:197,3
DA:198,2
DA:199,2
DA:203,1
DA:207,2
DA:210,3
DA:214,1
DA:215,3
DA:217,2
DA:218,3
DA:220,0
DA:221,0
DA:225,1
DA:229,2
DA:230,1
DA:231,2
DA:235,1
DA:236,3
DA:237,2
DA:238,2
DA:241,1
DA:245,2
DA:248,1
DA:255,1
DA:256,2
DA:257,1
DA:258,1
DA:259,2
DA:261,1
DA:262,1
DA:267,2
DA:268,1
DA:269,2
DA:271,1
DA:272,1
DA:277,2
DA:278,2
DA:279,1
DA:282,1
DA:283,2
DA:287,2
DA:289,1
DA:290,1
DA:291,1
DA:292,2
DA:294,1
DA:295,1
DA:298,1
DA:299,1
DA:300,2
DA:302,1
DA:303,1
DA:306,0
DA:307,0
DA:313,0
DA:314,0
DA:315,0
DA:317,0
DA:318,0
DA:319,0
DA:322,1
DA:323,3
DA:324,2
DA:325,1
DA:327,3
DA:329,1
DA:330,2
DA:338,2
DA:339,1
DA:340,3
DA:343,2
DA:344,1
DA:345,3
DA:347,1
DA:348,1
DA:349,1
DA:350,3
DA:353,0
DA:354,0
DA:355,0
DA:357,0
DA:362,1
DA:363,1
DA:364,1
DA:365,2
DA:367,1
DA:372,1
DA:374,1
DA:375,1
DA:378,1
DA:379,1
DA:380,1
DA:381,1
DA:384,1
DA:386,1
DA:387,2
DA:388,2
LF:154
LH:140
end_of_record
SF:lib/src/domain/greetd/greetd_state.dart
DA:20,4
DA:28,2
DA:38,2
DA:45,2
DA:46,0
DA:47,1
DA:54,2
DA:55,2
DA:56,2
DA:57,2
DA:58,2
DA:59,2
DA:60,2
LF:13
LH:12
end_of_record
SF:lib/src/data/models/auth_message_response.dart
DA:11,2
DA:17,2
DA:18,2
DA:27,2
DA:28,2
DA:30,1
DA:31,4
LF:7
LH:7
end_of_record
SF:lib/src/data/models/auth_message_response.g.dart
DA:9,2
DA:10,2
DA:11,2
DA:13,2
DA:15,2
DA:16,2
DA:19,2
DA:21,2
DA:22,2
DA:23,4
DA:24,2
LF:11
LH:11
end_of_record
SF:lib/src/data/models/error_response.dart
DA:11,3
DA:17,3
DA:18,3
DA:25,2
DA:26,2
DA:28,1
DA:29,4
LF:7
LH:7
end_of_record
SF:lib/src/data/models/error_response.g.dart
DA:9,3
DA:10,3
DA:11,6
DA:12,3
DA:13,3
DA:16,2
DA:17,2
DA:18,2
DA:19,4
DA:20,2
LF:10
LH:10
end_of_record
SF:lib/src/data/models/success_response.dart
DA:8,3
DA:10,3
DA:11,3
DA:16,2
DA:17,2
DA:19,1
DA:20,2
LF:7
LH:7
end_of_record
SF:lib/src/data/models/success_response.g.dart
DA:9,3
DA:10,6
DA:12,2
DA:13,4
LF:4
LH:4
end_of_record
SF:lib/src/data/models/start_session_request.dart
DA:10,2
DA:16,1
DA:17,1
DA:22,1
DA:25,1
DA:26,1
DA:28,2
DA:29,8
LF:8
LH:8
end_of_record
SF:lib/src/data/models/start_session_request.g.dart
DA:9,1
DA:10,1
DA:11,4
DA:13,4
DA:15,1
DA:18,1
DA:20,1
DA:21,1
DA:22,1
DA:23,1
LF:10
LH:10
end_of_record
